<?xml version="1.0" encoding="UTF-8"?>
<robot generator="Robot 5.0.1 (Python 3.10.7 on win32)" generated="20220929 12:17:48.587" rpa="false" schemaversion="3">
<suite id="s1" name="Verify Validcredential Suite" source="d:\Mine\Company\Ericsson 4\openemr_framework\login_suite\verify_validcredential_suite.robot">
<test id="s1-t1" name="Verify_Valid_Credential_TC1" line="18">
<kw name="Launch Browser And Navigate To Url" library="CommonFunctionalities" type="SETUP">
<kw name="Get Driver Path" library="DriverSetup">
<var>${driver_path}</var>
<arg>${BROWSER}</arg>
<msg timestamp="20220929 12:17:56.753" level="INFO">====== WebDriver manager ======</msg>
<msg timestamp="20220929 12:17:57.694" level="INFO">Get LATEST chromedriver version for google-chrome 106.0.5249</msg>
<msg timestamp="20220929 12:17:58.498" level="INFO">Driver [C:\Users\Balaji\.wdm\drivers\chromedriver\win32\106.0.5249\chromedriver.exe] found in cache</msg>
<msg timestamp="20220929 12:17:58.500" level="INFO">${driver_path} = C:\Users\Balaji\.wdm\drivers\chromedriver\win32\106.0.5249\chromedriver.exe</msg>
<status status="PASS" starttime="20220929 12:17:54.109" endtime="20220929 12:17:58.500"/>
</kw>
<kw name="Open Browser" library="SeleniumLibrary">
<arg>browser=${BROWSER}</arg>
<arg>executable_path=${driver_path}</arg>
<doc>Opens a new browser instance to the optional ``url``.</doc>
<msg timestamp="20220929 12:17:59.308" level="INFO">Opening browser 'chrome' to base url 'None'.</msg>
<status status="PASS" starttime="20220929 12:17:58.501" endtime="20220929 12:18:01.295"/>
</kw>
<kw name="Maximize Browser Window" library="SeleniumLibrary">
<doc>Maximizes current browser window.</doc>
<status status="PASS" starttime="20220929 12:18:01.298" endtime="20220929 12:18:02.313"/>
</kw>
<kw name="Set Selenium Implicit Wait" library="SeleniumLibrary">
<arg>10s</arg>
<doc>Sets the implicit wait value used by Selenium.</doc>
<status status="PASS" starttime="20220929 12:18:02.321" endtime="20220929 12:18:03.110"/>
</kw>
<kw name="Set Screenshot Directory" library="SeleniumLibrary">
<arg>path=${EXECDIR}${/}screenshot</arg>
<doc>Sets the directory for captured screenshots.</doc>
<status status="PASS" starttime="20220929 12:18:03.111" endtime="20220929 12:18:03.809"/>
</kw>
<kw name="Go To" library="SeleniumLibrary">
<arg>url=${URL}</arg>
<doc>Navigates the current browser window to the provided ``url``.</doc>
<msg timestamp="20220929 12:18:04.391" level="INFO">Opening url 'https://demo.openemr.io/b/openemr'</msg>
<status status="PASS" starttime="20220929 12:18:03.810" endtime="20220929 12:18:07.447"/>
</kw>
<status status="PASS" starttime="20220929 12:17:52.414" endtime="20220929 12:18:07.451"/>
</kw>
<kw name="Verify Valid Credential Template">
<arg>accountant</arg>
<arg>accountant</arg>
<arg>English (Indian)</arg>
<arg>OpenEMR</arg>
<kw name="Enter Username" library="LoginPage">
<arg>${username}</arg>
<kw name="Input Text" library="SeleniumLibrary">
<arg>id=authUser</arg>
<arg>${username}</arg>
<doc>Types the given ``text`` into the text field identified by ``locator``.</doc>
<msg timestamp="20220929 12:18:23.588" level="INFO">Typing text 'accountant' into text field 'id=authUser'.</msg>
<status status="PASS" starttime="20220929 12:18:23.583" endtime="20220929 12:18:23.722"/>
</kw>
<status status="PASS" starttime="20220929 12:18:12.745" endtime="20220929 12:18:23.725"/>
</kw>
<kw name="Enter Password" library="LoginPage">
<arg>${password}</arg>
<kw name="Input Text" library="SeleniumLibrary">
<arg>css=#clearPass</arg>
<arg>${password}</arg>
<doc>Types the given ``text`` into the text field identified by ``locator``.</doc>
<msg timestamp="20220929 12:18:38.083" level="INFO">Typing text 'accountant' into text field 'css=#clearPass'.</msg>
<status status="PASS" starttime="20220929 12:18:32.160" endtime="20220929 12:18:38.266"/>
</kw>
<status status="PASS" starttime="20220929 12:18:23.727" endtime="20220929 12:18:38.268"/>
</kw>
<kw name="Select Language By Label" library="LoginPage">
<arg>${language}</arg>
<kw name="Select From List By Label" library="SeleniumLibrary">
<arg>xpath=//select[@name='languageChoice']</arg>
<arg>${language}</arg>
<doc>Selects options from selection list ``locator`` by ``labels``.</doc>
<msg timestamp="20220929 12:18:52.535" level="INFO">Selecting options from selection list 'xpath=//select[@name='languageChoice']' by label English (Indian).</msg>
<status status="PASS" starttime="20220929 12:18:46.328" endtime="20220929 12:18:52.694"/>
</kw>
<status status="PASS" starttime="20220929 12:18:38.270" endtime="20220929 12:18:52.695"/>
</kw>
<kw name="Click Login" library="LoginPage">
<kw name="Click Element" library="SeleniumLibrary">
<arg>id=login-button</arg>
<doc>Click the element identified by ``locator``.</doc>
<msg timestamp="20220929 12:19:03.163" level="INFO">Clicking element 'id=login-button'.</msg>
<status status="PASS" starttime="20220929 12:18:55.192" endtime="20220929 12:19:09.936"/>
</kw>
<status status="PASS" starttime="20220929 12:18:52.696" endtime="20220929 12:19:09.937"/>
</kw>
<kw name="Validate MainPage Title" library="MainPage">
<arg>${expected_title}</arg>
<kw name="Title Should Be" library="SeleniumLibrary">
<arg>${expected_title}</arg>
<doc>Verifies that the current page title equals ``title``.</doc>
<msg timestamp="20220929 12:19:24.476" level="INFO">Page title is 'OpenEMR'.</msg>
<status status="PASS" starttime="20220929 12:19:15.322" endtime="20220929 12:19:24.477"/>
</kw>
<status status="PASS" starttime="20220929 12:19:09.938" endtime="20220929 12:19:24.479"/>
</kw>
<status status="PASS" starttime="20220929 12:18:07.453" endtime="20220929 12:19:24.480"/>
</kw>
<kw name="Close Browser" library="SeleniumLibrary" type="TEARDOWN">
<doc>Closes the current browser.</doc>
<status status="PASS" starttime="20220929 12:19:24.482" endtime="20220929 12:19:29.308"/>
</kw>
<status status="PASS" starttime="20220929 12:17:52.404" endtime="20220929 12:19:29.311"/>
</test>
<test id="s1-t2" name="Verify_Valid_Credential_TC2" line="18">
<kw name="Launch Browser And Navigate To Url" library="CommonFunctionalities" type="SETUP">
<kw name="Get Driver Path" library="DriverSetup">
<var>${driver_path}</var>
<arg>${BROWSER}</arg>
<msg timestamp="20220929 12:19:33.599" level="INFO">====== WebDriver manager ======</msg>
<msg timestamp="20220929 12:19:34.649" level="INFO">Get LATEST chromedriver version for google-chrome 106.0.5249</msg>
<msg timestamp="20220929 12:19:35.443" level="INFO">Driver [C:\Users\Balaji\.wdm\drivers\chromedriver\win32\106.0.5249\chromedriver.exe] found in cache</msg>
<msg timestamp="20220929 12:19:35.444" level="INFO">${driver_path} = C:\Users\Balaji\.wdm\drivers\chromedriver\win32\106.0.5249\chromedriver.exe</msg>
<status status="PASS" starttime="20220929 12:19:31.810" endtime="20220929 12:19:35.445"/>
</kw>
<kw name="Open Browser" library="SeleniumLibrary">
<arg>browser=${BROWSER}</arg>
<arg>executable_path=${driver_path}</arg>
<doc>Opens a new browser instance to the optional ``url``.</doc>
<msg timestamp="20220929 12:19:35.448" level="INFO">Opening browser 'chrome' to base url 'None'.</msg>
<status status="PASS" starttime="20220929 12:19:35.446" endtime="20220929 12:19:37.436"/>
</kw>
<kw name="Maximize Browser Window" library="SeleniumLibrary">
<doc>Maximizes current browser window.</doc>
<status status="PASS" starttime="20220929 12:19:37.438" endtime="20220929 12:19:37.660"/>
</kw>
<kw name="Set Selenium Implicit Wait" library="SeleniumLibrary">
<arg>10s</arg>
<doc>Sets the implicit wait value used by Selenium.</doc>
<status status="PASS" starttime="20220929 12:19:37.667" endtime="20220929 12:19:37.712"/>
</kw>
<kw name="Set Screenshot Directory" library="SeleniumLibrary">
<arg>path=${EXECDIR}${/}screenshot</arg>
<doc>Sets the directory for captured screenshots.</doc>
<status status="PASS" starttime="20220929 12:19:37.714" endtime="20220929 12:19:37.721"/>
</kw>
<kw name="Go To" library="SeleniumLibrary">
<arg>url=${URL}</arg>
<doc>Navigates the current browser window to the provided ``url``.</doc>
<msg timestamp="20220929 12:19:37.728" level="INFO">Opening url 'https://demo.openemr.io/b/openemr'</msg>
<status status="PASS" starttime="20220929 12:19:37.723" endtime="20220929 12:19:41.329"/>
</kw>
<status status="PASS" starttime="20220929 12:19:29.345" endtime="20220929 12:19:41.332"/>
</kw>
<kw name="Verify Valid Credential Template">
<arg>receptionist</arg>
<arg>receptionist</arg>
<arg>English (Indian)</arg>
<arg>OpenEMR</arg>
<kw name="Enter Username" library="LoginPage">
<arg>${username}</arg>
<kw name="Input Text" library="SeleniumLibrary">
<arg>id=authUser</arg>
<arg>${username}</arg>
<doc>Types the given ``text`` into the text field identified by ``locator``.</doc>
<msg timestamp="20220929 12:19:48.727" level="INFO">Typing text 'receptionist' into text field 'id=authUser'.</msg>
<status status="PASS" starttime="20220929 12:19:48.725" endtime="20220929 12:19:49.041"/>
</kw>
<status status="PASS" starttime="20220929 12:19:41.340" endtime="20220929 12:19:49.043"/>
</kw>
<kw name="Enter Password" library="LoginPage">
<arg>${password}</arg>
<kw name="Input Text" library="SeleniumLibrary">
<arg>css=#clearPass</arg>
<arg>${password}</arg>
<doc>Types the given ``text`` into the text field identified by ``locator``.</doc>
<msg timestamp="20220929 12:19:49.053" level="INFO">Typing text 'receptionist' into text field 'css=#clearPass'.</msg>
<status status="PASS" starttime="20220929 12:19:49.050" endtime="20220929 12:19:49.273"/>
</kw>
<status status="PASS" starttime="20220929 12:19:49.046" endtime="20220929 12:19:49.274"/>
</kw>
<kw name="Select Language By Label" library="LoginPage">
<arg>${language}</arg>
<kw name="Select From List By Label" library="SeleniumLibrary">
<arg>xpath=//select[@name='languageChoice']</arg>
<arg>${language}</arg>
<doc>Selects options from selection list ``locator`` by ``labels``.</doc>
<msg timestamp="20220929 12:19:49.283" level="INFO">Selecting options from selection list 'xpath=//select[@name='languageChoice']' by label English (Indian).</msg>
<status status="PASS" starttime="20220929 12:19:49.279" endtime="20220929 12:19:49.411"/>
</kw>
<status status="PASS" starttime="20220929 12:19:49.275" endtime="20220929 12:19:49.415"/>
</kw>
<kw name="Click Login" library="LoginPage">
<kw name="Click Element" library="SeleniumLibrary">
<arg>id=login-button</arg>
<doc>Click the element identified by ``locator``.</doc>
<msg timestamp="20220929 12:19:49.423" level="INFO">Clicking element 'id=login-button'.</msg>
<status status="PASS" starttime="20220929 12:19:49.422" endtime="20220929 12:19:54.146"/>
</kw>
<status status="PASS" starttime="20220929 12:19:49.417" endtime="20220929 12:19:54.152"/>
</kw>
<kw name="Validate MainPage Title" library="MainPage">
<arg>${expected_title}</arg>
<kw name="Title Should Be" library="SeleniumLibrary">
<arg>${expected_title}</arg>
<doc>Verifies that the current page title equals ``title``.</doc>
<msg timestamp="20220929 12:19:54.171" level="INFO">Page title is 'OpenEMR'.</msg>
<status status="PASS" starttime="20220929 12:19:54.161" endtime="20220929 12:19:54.172"/>
</kw>
<status status="PASS" starttime="20220929 12:19:54.155" endtime="20220929 12:19:54.173"/>
</kw>
<status status="PASS" starttime="20220929 12:19:41.335" endtime="20220929 12:19:54.174"/>
</kw>
<kw name="Close Browser" library="SeleniumLibrary" type="TEARDOWN">
<doc>Closes the current browser.</doc>
<status status="PASS" starttime="20220929 12:19:54.176" endtime="20220929 12:19:56.598"/>
</kw>
<status status="PASS" starttime="20220929 12:19:29.322" endtime="20220929 12:19:56.601"/>
</test>
<doc>This suite contains test case related to valid credential
connected with scenario OP_SC_02 and test case OP_TC_02</doc>
<status status="PASS" starttime="20220929 12:17:48.605" endtime="20220929 12:19:56.609"/>
</suite>
<statistics>
<total>
<stat pass="2" fail="0" skip="0">All Tests</stat>
</total>
<tag>
</tag>
<suite>
<stat pass="2" fail="0" skip="0" id="s1" name="Verify Validcredential Suite">Verify Validcredential Suite</stat>
</suite>
</statistics>
<errors>
</errors>
</robot>
