<?xml version="1.0" encoding="UTF-8"?>
<robot generator="Robot 5.0.1 (Python 3.10.7 on win32)" generated="20220929 17:12:38.651" rpa="false" schemaversion="3">
<suite id="s1" name="Verify Invalidcredential Suite" source="D:\Mine\Company\Ericsson 4\openemr_framework\login_suite\verify_invalidcredential_suite.robot">
<test id="s1-t1" name="TC1" line="14">
<kw name="Launch Browser And Navigate To Url" library="CommonFunctionalities" type="SETUP">
<kw name="Get Driver Path" library="DriverSetup">
<var>${driver_path}</var>
<arg>${BROWSER}</arg>
<msg timestamp="20220929 17:12:39.183" level="INFO">====== WebDriver manager ======</msg>
<msg timestamp="20220929 17:12:40.825" level="INFO">Get LATEST edgedriver version for 105.0.1343 Edge</msg>
<msg timestamp="20220929 17:12:41.647" level="INFO">About to download new driver from https://msedgedriver.azureedge.net/105.0.1343.53/edgedriver_win64.zip</msg>
<msg timestamp="20220929 17:12:43.196" level="INFO">Driver has been saved in cache [C:\Users\Balaji\.wdm\drivers\edgedriver\win64\105.0.1343]</msg>
<msg timestamp="20220929 17:12:43.197" level="INFO">[WDM] - Downloading:   0%|                                                                 | 0.00/8.31M [00:00&lt;?, ?B/s][WDM] - Downloading:  23%|############9                                           | 1.92M/8.31M [00:00&lt;00:00, 19.3MB/s][WDM] - Downloading:  47%|##########################5                             | 3.94M/8.31M [00:00&lt;00:00, 20.3MB/s][WDM] - Downloading:  71%|#######################################6                | 5.88M/8.31M [00:00&lt;00:00, 20.0MB/s][WDM] - Downloading:  94%|####################################################5   | 7.80M/8.31M [00:00&lt;00:00, 20.0MB/s][WDM] - Downloading: 100%|########################################################| 8.31M/8.31M [00:00&lt;00:00, 19.9MB/s]</msg>
<msg timestamp="20220929 17:12:43.198" level="INFO">${driver_path} = C:\Users\Balaji\.wdm\drivers\edgedriver\win64\105.0.1343\msedgedriver.exe</msg>
<status status="PASS" starttime="20220929 17:12:39.182" endtime="20220929 17:12:43.198"/>
</kw>
<kw name="Open Browser" library="SeleniumLibrary">
<arg>browser=${BROWSER}</arg>
<arg>executable_path=${driver_path}</arg>
<doc>Opens a new browser instance to the optional ``url``.</doc>
<msg timestamp="20220929 17:12:43.199" level="INFO">Opening browser 'edge' to base url 'None'.</msg>
<status status="PASS" starttime="20220929 17:12:43.199" endtime="20220929 17:12:51.329"/>
</kw>
<kw name="Maximize Browser Window" library="SeleniumLibrary">
<doc>Maximizes current browser window.</doc>
<status status="PASS" starttime="20220929 17:12:51.329" endtime="20220929 17:12:51.503"/>
</kw>
<kw name="Set Selenium Implicit Wait" library="SeleniumLibrary">
<arg>10s</arg>
<doc>Sets the implicit wait value used by Selenium.</doc>
<status status="PASS" starttime="20220929 17:12:51.504" endtime="20220929 17:12:51.510"/>
</kw>
<kw name="Set Screenshot Directory" library="SeleniumLibrary">
<arg>path=${EXECDIR}${/}screenshot</arg>
<doc>Sets the directory for captured screenshots.</doc>
<status status="PASS" starttime="20220929 17:12:51.510" endtime="20220929 17:12:51.511"/>
</kw>
<kw name="Go To" library="SeleniumLibrary">
<arg>url=${URL}</arg>
<doc>Navigates the current browser window to the provided ``url``.</doc>
<msg timestamp="20220929 17:12:51.512" level="INFO">Opening url 'https://demo.openemr.io/b/openemr'</msg>
<status status="PASS" starttime="20220929 17:12:51.512" endtime="20220929 17:12:56.780"/>
</kw>
<status status="PASS" starttime="20220929 17:12:39.182" endtime="20220929 17:12:56.781"/>
</kw>
<kw name="Verify Invalid Credential Template">
<arg>john</arg>
<arg>john123</arg>
<arg>English (Indian)</arg>
<arg>Invalid username or password</arg>
<kw name="Enter Username" library="LoginPage">
<arg>${username}</arg>
<doc>Types the given text in the username field </doc>
<kw name="Input Text" library="SeleniumLibrary">
<arg>${USERNAME_LOCATOR}</arg>
<arg>${username}</arg>
<doc>Types the given ``text`` into the text field identified by ``locator``.</doc>
<msg timestamp="20220929 17:12:56.784" level="INFO">Typing text 'john' into text field 'id=authUser'.</msg>
<status status="PASS" starttime="20220929 17:12:56.783" endtime="20220929 17:12:56.912"/>
</kw>
<status status="PASS" starttime="20220929 17:12:56.782" endtime="20220929 17:12:56.913"/>
</kw>
<kw name="Enter Password" library="LoginPage">
<arg>${password}</arg>
<doc>Types the given text in the password field </doc>
<kw name="Input Text" library="SeleniumLibrary">
<arg>${PASSWORD_LOCATOR}</arg>
<arg>${password}</arg>
<doc>Types the given ``text`` into the text field identified by ``locator``.</doc>
<msg timestamp="20220929 17:12:56.915" level="INFO">Typing text 'john123' into text field 'css=#clearPass'.</msg>
<status status="PASS" starttime="20220929 17:12:56.914" endtime="20220929 17:12:57.063"/>
</kw>
<status status="PASS" starttime="20220929 17:12:56.913" endtime="20220929 17:12:57.063"/>
</kw>
<kw name="Select Language By Label" library="LoginPage">
<arg>${language}</arg>
<doc>Select the given langauge from the dropdown </doc>
<kw name="Select From List By Label" library="SeleniumLibrary">
<arg>${LANGUAGE_LOCATOR}</arg>
<arg>${language}</arg>
<doc>Selects options from selection list ``locator`` by ``labels``.</doc>
<msg timestamp="20220929 17:12:57.065" level="INFO">Selecting options from selection list 'xpath=//select[@name='languageChoice']' by label English (Indian).</msg>
<status status="PASS" starttime="20220929 17:12:57.064" endtime="20220929 17:12:57.171"/>
</kw>
<status status="PASS" starttime="20220929 17:12:57.063" endtime="20220929 17:12:57.171"/>
</kw>
<kw name="Click Login" library="LoginPage">
<doc>Click On login button </doc>
<kw name="Click Element" library="SeleniumLibrary">
<arg>${LOGIN_LOCATOR}</arg>
<doc>Click the element identified by ``locator``.</doc>
<msg timestamp="20220929 17:12:57.173" level="INFO">Clicking element 'id=login-button'.</msg>
<status status="PASS" starttime="20220929 17:12:57.172" endtime="20220929 17:13:00.247"/>
</kw>
<status status="PASS" starttime="20220929 17:12:57.171" endtime="20220929 17:13:00.248"/>
</kw>
<kw name="Validate Invalid Error Message" library="LoginPage">
<arg>${expected_error}</arg>
<doc>Validate the error message displayed </doc>
<kw name="Element Should Contain" library="SeleniumLibrary">
<arg>${ERROR_LOCATOR}</arg>
<arg>${error_message}</arg>
<doc>Verifies that element ``locator`` contains text ``expected``.</doc>
<msg timestamp="20220929 17:13:00.306" level="INFO">Element 'xpath=//*[contains(text(),'Invalid')]' contains text 'Invalid username or password'.</msg>
<status status="PASS" starttime="20220929 17:13:00.250" endtime="20220929 17:13:00.306"/>
</kw>
<status status="PASS" starttime="20220929 17:13:00.249" endtime="20220929 17:13:00.306"/>
</kw>
<status status="PASS" starttime="20220929 17:12:56.782" endtime="20220929 17:13:00.307"/>
</kw>
<kw name="Close Browser" library="SeleniumLibrary" type="TEARDOWN">
<doc>Closes the current browser.</doc>
<status status="PASS" starttime="20220929 17:13:00.307" endtime="20220929 17:13:02.634"/>
</kw>
<status status="PASS" starttime="20220929 17:12:39.181" endtime="20220929 17:13:02.635"/>
</test>
<test id="s1-t2" name="TC2" line="15">
<kw name="Launch Browser And Navigate To Url" library="CommonFunctionalities" type="SETUP">
<kw name="Get Driver Path" library="DriverSetup">
<var>${driver_path}</var>
<arg>${BROWSER}</arg>
<msg timestamp="20220929 17:13:02.638" level="INFO">====== WebDriver manager ======</msg>
<msg timestamp="20220929 17:13:03.403" level="INFO">Get LATEST edgedriver version for 105.0.1343 Edge</msg>
<msg timestamp="20220929 17:13:04.140" level="INFO">Driver [C:\Users\Balaji\.wdm\drivers\edgedriver\win64\105.0.1343\msedgedriver.exe] found in cache</msg>
<msg timestamp="20220929 17:13:04.141" level="INFO">${driver_path} = C:\Users\Balaji\.wdm\drivers\edgedriver\win64\105.0.1343\msedgedriver.exe</msg>
<status status="PASS" starttime="20220929 17:13:02.638" endtime="20220929 17:13:04.141"/>
</kw>
<kw name="Open Browser" library="SeleniumLibrary">
<arg>browser=${BROWSER}</arg>
<arg>executable_path=${driver_path}</arg>
<doc>Opens a new browser instance to the optional ``url``.</doc>
<msg timestamp="20220929 17:13:04.142" level="INFO">Opening browser 'edge' to base url 'None'.</msg>
<status status="PASS" starttime="20220929 17:13:04.141" endtime="20220929 17:13:05.722"/>
</kw>
<kw name="Maximize Browser Window" library="SeleniumLibrary">
<doc>Maximizes current browser window.</doc>
<status status="PASS" starttime="20220929 17:13:05.722" endtime="20220929 17:13:05.973"/>
</kw>
<kw name="Set Selenium Implicit Wait" library="SeleniumLibrary">
<arg>10s</arg>
<doc>Sets the implicit wait value used by Selenium.</doc>
<status status="PASS" starttime="20220929 17:13:05.973" endtime="20220929 17:13:05.983"/>
</kw>
<kw name="Set Screenshot Directory" library="SeleniumLibrary">
<arg>path=${EXECDIR}${/}screenshot</arg>
<doc>Sets the directory for captured screenshots.</doc>
<status status="PASS" starttime="20220929 17:13:05.984" endtime="20220929 17:13:05.987"/>
</kw>
<kw name="Go To" library="SeleniumLibrary">
<arg>url=${URL}</arg>
<doc>Navigates the current browser window to the provided ``url``.</doc>
<msg timestamp="20220929 17:13:05.989" level="INFO">Opening url 'https://demo.openemr.io/b/openemr'</msg>
<status status="PASS" starttime="20220929 17:13:05.987" endtime="20220929 17:13:10.580"/>
</kw>
<status status="PASS" starttime="20220929 17:13:02.637" endtime="20220929 17:13:10.581"/>
</kw>
<kw name="Verify Invalid Credential Template">
<arg>saul</arg>
<arg>saul123</arg>
<arg>English (Indian)</arg>
<arg>Invalid username or password</arg>
<kw name="Enter Username" library="LoginPage">
<arg>${username}</arg>
<doc>Types the given text in the username field </doc>
<kw name="Input Text" library="SeleniumLibrary">
<arg>${USERNAME_LOCATOR}</arg>
<arg>${username}</arg>
<doc>Types the given ``text`` into the text field identified by ``locator``.</doc>
<msg timestamp="20220929 17:13:10.583" level="INFO">Typing text 'saul' into text field 'id=authUser'.</msg>
<status status="PASS" starttime="20220929 17:13:10.583" endtime="20220929 17:13:10.726"/>
</kw>
<status status="PASS" starttime="20220929 17:13:10.582" endtime="20220929 17:13:10.726"/>
</kw>
<kw name="Enter Password" library="LoginPage">
<arg>${password}</arg>
<doc>Types the given text in the password field </doc>
<kw name="Input Text" library="SeleniumLibrary">
<arg>${PASSWORD_LOCATOR}</arg>
<arg>${password}</arg>
<doc>Types the given ``text`` into the text field identified by ``locator``.</doc>
<msg timestamp="20220929 17:13:10.729" level="INFO">Typing text 'saul123' into text field 'css=#clearPass'.</msg>
<status status="PASS" starttime="20220929 17:13:10.727" endtime="20220929 17:13:10.848"/>
</kw>
<status status="PASS" starttime="20220929 17:13:10.726" endtime="20220929 17:13:10.848"/>
</kw>
<kw name="Select Language By Label" library="LoginPage">
<arg>${language}</arg>
<doc>Select the given langauge from the dropdown </doc>
<kw name="Select From List By Label" library="SeleniumLibrary">
<arg>${LANGUAGE_LOCATOR}</arg>
<arg>${language}</arg>
<doc>Selects options from selection list ``locator`` by ``labels``.</doc>
<msg timestamp="20220929 17:13:10.850" level="INFO">Selecting options from selection list 'xpath=//select[@name='languageChoice']' by label English (Indian).</msg>
<status status="PASS" starttime="20220929 17:13:10.850" endtime="20220929 17:13:10.951"/>
</kw>
<status status="PASS" starttime="20220929 17:13:10.848" endtime="20220929 17:13:10.952"/>
</kw>
<kw name="Click Login" library="LoginPage">
<doc>Click On login button </doc>
<kw name="Click Element" library="SeleniumLibrary">
<arg>${LOGIN_LOCATOR}</arg>
<doc>Click the element identified by ``locator``.</doc>
<msg timestamp="20220929 17:13:10.952" level="INFO">Clicking element 'id=login-button'.</msg>
<status status="PASS" starttime="20220929 17:13:10.952" endtime="20220929 17:13:13.696"/>
</kw>
<status status="PASS" starttime="20220929 17:13:10.952" endtime="20220929 17:13:13.701"/>
</kw>
<kw name="Validate Invalid Error Message" library="LoginPage">
<arg>${expected_error}</arg>
<doc>Validate the error message displayed </doc>
<kw name="Element Should Contain" library="SeleniumLibrary">
<arg>${ERROR_LOCATOR}</arg>
<arg>${error_message}</arg>
<doc>Verifies that element ``locator`` contains text ``expected``.</doc>
<msg timestamp="20220929 17:13:13.755" level="INFO">Element 'xpath=//*[contains(text(),'Invalid')]' contains text 'Invalid username or password'.</msg>
<status status="PASS" starttime="20220929 17:13:13.703" endtime="20220929 17:13:13.755"/>
</kw>
<status status="PASS" starttime="20220929 17:13:13.702" endtime="20220929 17:13:13.755"/>
</kw>
<status status="PASS" starttime="20220929 17:13:10.581" endtime="20220929 17:13:13.755"/>
</kw>
<kw name="Close Browser" library="SeleniumLibrary" type="TEARDOWN">
<doc>Closes the current browser.</doc>
<status status="PASS" starttime="20220929 17:13:13.756" endtime="20220929 17:13:16.200"/>
</kw>
<status status="PASS" starttime="20220929 17:13:02.637" endtime="20220929 17:13:16.201"/>
</test>
<doc>This suite contains test case related to invalid credential
connected with scenario OP_SC_02 and test case OP_TC_09</doc>
<status status="PASS" starttime="20220929 17:12:38.653" endtime="20220929 17:13:16.205"/>
</suite>
<statistics>
<total>
<stat pass="2" fail="0" skip="0">All Tests</stat>
</total>
<tag>
</tag>
<suite>
<stat pass="2" fail="0" skip="0" id="s1" name="Verify Invalidcredential Suite">Verify Invalidcredential Suite</stat>
</suite>
</statistics>
<errors>
</errors>
</robot>
